<?xml version="1.0" encoding="UTF-8"?>
<testng-results ignored="0" total="1" passed="1" failed="0" skipped="0">
  <reporter-output>
  </reporter-output>
  <suite started-at="2022-11-10T10:09:58 IST" name="Default suite" finished-at="2022-11-10T10:11:33 IST" duration-ms="94906">
    <groups>
    </groups>
    <test started-at="2022-11-10T10:09:58 IST" name="Default test" finished-at="2022-11-10T10:11:33 IST" duration-ms="94906">
      <class name="tests.TC2">
        <test-method is-config="true" signature="OpenBrowser()[pri:0, instance:tests.TC2@2b662a77]" started-at="2022-11-10T10:09:58 IST" name="OpenBrowser" finished-at="2022-11-10T10:10:58 IST" duration-ms="59995" status="PASS">
          <reporter-output>
          </reporter-output>
        </test-method> <!-- OpenBrowser -->
        <test-method signature="login()[pri:0, instance:tests.TC2@2b662a77]" started-at="2022-11-10T10:10:58 IST" name="login" finished-at="2022-11-10T10:11:33 IST" duration-ms="34582" status="PASS">
          <reporter-output>
          </reporter-output>
        </test-method> <!-- login -->
      </class> <!-- tests.TC2 -->
    </test> <!-- Default test -->
  </suite> <!-- Default suite -->
</testng-results>
